<?xml version="1.0" encoding="UTF-8"?>
<testng-results ignored="0" total="1" passed="1" failed="0" skipped="0">
  <reporter-output>
  </reporter-output>
  <suite started-at="2025-03-21T16:04:13 IST" name="Suite" finished-at="2025-03-21T16:04:36 IST" duration-ms="23403">
    <groups>
    </groups>
    <test started-at="2025-03-21T16:04:13 IST" name="Test" finished-at="2025-03-21T16:04:36 IST" duration-ms="23403">
      <class name="testPages.CartTest">
        <test-method is-config="true" signature="setUp(java.lang.String)[pri:0, instance:testPages.CartTest@6d2a209c]" started-at="2025-03-21T16:04:13 IST" name="setUp" finished-at="2025-03-21T16:04:26 IST" duration-ms="13362" status="PASS">
          <params>
            <param index="0">
              <value>
                <![CDATA[firefox]]>
              </value>
            </param>
          </params>
          <reporter-output>
          </reporter-output>
        </test-method> <!-- setUp -->
        <test-method signature="testingthecart()[pri:2, instance:testPages.CartTest@6d2a209c]" started-at="2025-03-21T16:04:26 IST" name="testingthecart" finished-at="2025-03-21T16:04:33 IST" duration-ms="7269" status="PASS">
          <reporter-output>
          </reporter-output>
        </test-method> <!-- testingthecart -->
        <test-method is-config="true" signature="closeDownbrowser()[pri:0, instance:testPages.CartTest@6d2a209c]" started-at="2025-03-21T16:04:33 IST" name="closeDownbrowser" finished-at="2025-03-21T16:04:36 IST" duration-ms="2716" status="PASS">
          <reporter-output>
          </reporter-output>
        </test-method> <!-- closeDownbrowser -->
      </class> <!-- testPages.CartTest -->
    </test> <!-- Test -->
  </suite> <!-- Suite -->
</testng-results>
