<?xml version="1.0" encoding="UTF-8"?>
<testng-results ignored="0" total="1" passed="1" failed="0" skipped="0">
  <reporter-output>
  </reporter-output>
  <suite started-at="2025-03-26T12:02:47 IST" name="Suite" finished-at="2025-03-26T12:02:55 IST" duration-ms="8047">
    <groups>
      <group name="cucumber">
        <method signature="AbstractTestNGCucumberTests.runScenario(io.cucumber.testng.PickleWrapper, io.cucumber.testng.FeatureWrapper)[pri:0, instance:runner.RegisterRunBdd@1a75e76a]" name="runScenario" class="io.cucumber.testng.AbstractTestNGCucumberTests"/>
      </group> <!-- cucumber -->
    </groups>
    <test started-at="2025-03-26T12:02:47 IST" name="Test" finished-at="2025-03-26T12:02:55 IST" duration-ms="8047">
      <class name="runner.RegisterRunBdd">
        <test-method is-config="true" signature="setUpClass(org.testng.ITestContext)[pri:0, instance:runner.RegisterRunBdd@1a75e76a]" started-at="2025-03-26T12:02:47 IST" name="setUpClass" finished-at="2025-03-26T12:02:48 IST" duration-ms="444" status="PASS">
          <params>
            <param index="0">
              <value>
                <![CDATA[org.testng.TestRunner@1bc0d349]]>
              </value>
            </param>
          </params>
          <reporter-output>
          </reporter-output>
        </test-method> <!-- setUpClass -->
        <test-method signature="runScenario(io.cucumber.testng.PickleWrapper, io.cucumber.testng.FeatureWrapper)[pri:0, instance:runner.RegisterRunBdd@1a75e76a]" started-at="2025-03-26T12:02:48 IST" name="runScenario" description="Runs Cucumber Scenarios" data-provider="scenarios" finished-at="2025-03-26T12:02:55 IST" duration-ms="7459" status="PASS">
          <params>
            <param index="0">
              <value>
                <![CDATA["Successful registration with all required fields"]]>
              </value>
            </param>
            <param index="1">
              <value>
                <![CDATA["User Registration"]]>
              </value>
            </param>
          </params>
          <reporter-output>
          </reporter-output>
        </test-method> <!-- runScenario -->
        <test-method is-config="true" signature="tearDownClass()[pri:0, instance:runner.RegisterRunBdd@1a75e76a]" started-at="2025-03-26T12:02:55 IST" name="tearDownClass" finished-at="2025-03-26T12:02:55 IST" duration-ms="38" status="PASS">
          <reporter-output>
          </reporter-output>
        </test-method> <!-- tearDownClass -->
      </class> <!-- runner.RegisterRunBdd -->
    </test> <!-- Test -->
  </suite> <!-- Suite -->
</testng-results>
